<?xml version="1.0" encoding="UTF-8"?>
<!-- Generated by org.testng.reporters.JUnitXMLReporter -->
<testsuite ignored="6" hostname="BOOK-BLR52339TG" failures="0" tests="16" name="ChromeTest" time="21.375" errors="0" timestamp="2024-02-10T22:18:20 IST">
  <testcase classname="plumtestpackage.Plumbaseclass" name="@BeforeClass setUp" time="0.018">
    <failure type="org.openqa.selenium.NoSuchSessionException" message="Tried to run command without establishing a connection
Build info: version: &amp;apos;4.16.1&amp;apos;, revision: &amp;apos;9b4c83354e&amp;apos;
System info: os.name: &amp;apos;Windows 11&amp;apos;, os.arch: &amp;apos;amd64&amp;apos;, os.version: &amp;apos;10.0&amp;apos;, java.version: &amp;apos;17.0.8.1&amp;apos;
Driver info: org.openqa.selenium.firefox.FirefoxDriver
Command: [4e328e66-2869-40ec-b998-362bd3c7ae75, get {url=https://plumgoodness.com/}]
Capabilities {acceptInsecureCerts: true, browserName: firefox, browserVersion: 122.0.1, moz:accessibilityChecks: false, moz:buildID: 20240205133611, moz:debuggerAddress: 127.0.0.1:3391, moz:geckodriverVersion: 0.34.0, moz:headless: false, moz:platformVersion: 10.0, moz:processID: 6260, moz:profile: C:\Users\sreej\AppData\Loca..., moz:shutdownTimeout: 60000, moz:webdriverClick: true, moz:windowless: false, pageLoadStrategy: normal, platformName: windows, proxy: Proxy(), se:cdp: ws://127.0.0.1:3391/devtool..., se:cdpVersion: 85.0, setWindowRect: true, strictFileInteractability: false, timeouts: {implicit: 0, pageLoad: 300000, script: 30000}, unhandledPromptBehavior: dismiss and notify}
Session ID: 4e328e66-2869-40ec-b998-362bd3c7ae75">
      <![CDATA[org.openqa.selenium.NoSuchSessionException: Tried to run command without establishing a connection
Build info: version: '4.16.1', revision: '9b4c83354e'
System info: os.name: 'Windows 11', os.arch: 'amd64', os.version: '10.0', java.version: '17.0.8.1'
Driver info: org.openqa.selenium.firefox.FirefoxDriver
Command: [4e328e66-2869-40ec-b998-362bd3c7ae75, get {url=https://plumgoodness.com/}]
Capabilities {acceptInsecureCerts: true, browserName: firefox, browserVersion: 122.0.1, moz:accessibilityChecks: false, moz:buildID: 20240205133611, moz:debuggerAddress: 127.0.0.1:3391, moz:geckodriverVersion: 0.34.0, moz:headless: false, moz:platformVersion: 10.0, moz:processID: 6260, moz:profile: C:\Users\sreej\AppData\Loca..., moz:shutdownTimeout: 60000, moz:webdriverClick: true, moz:windowless: false, pageLoadStrategy: normal, platformName: windows, proxy: Proxy(), se:cdp: ws://127.0.0.1:3391/devtool..., se:cdpVersion: 85.0, setWindowRect: true, strictFileInteractability: false, timeouts: {implicit: 0, pageLoad: 300000, script: 30000}, unhandledPromptBehavior: dismiss and notify}
Session ID: 4e328e66-2869-40ec-b998-362bd3c7ae75
at org.openqa.selenium.remote.codec.w3c.W3CHttpResponseCodec.createException(W3CHttpResponseCodec.java:200)
at org.openqa.selenium.remote.codec.w3c.W3CHttpResponseCodec.decode(W3CHttpResponseCodec.java:133)
at org.openqa.selenium.remote.codec.w3c.W3CHttpResponseCodec.decode(W3CHttpResponseCodec.java:52)
at org.openqa.selenium.remote.HttpCommandExecutor.execute(HttpCommandExecutor.java:191)
at org.openqa.selenium.remote.service.DriverCommandExecutor.invokeExecute(DriverCommandExecutor.java:200)
at org.openqa.selenium.remote.service.DriverCommandExecutor.execute(DriverCommandExecutor.java:175)
at org.openqa.selenium.remote.RemoteWebDriver.execute(RemoteWebDriver.java:523)
at org.openqa.selenium.remote.RemoteWebDriver.get(RemoteWebDriver.java:305)
at plumtestpackage.Plumbaseclass.setUp(Plumbaseclass.java:22)
at java.base/java.util.ArrayList.forEach(ArrayList.java:1511)
... Removed 30 stack frames]]>
    </failure>
  </testcase> <!-- @BeforeClass setUp -->
  <testcase classname="plumtestpackage.Plumbaseclass" name="@AfterClass teardown" time="0.0">
    <skipped/>
  </testcase> <!-- @AfterClass teardown -->
  <testcase classname="plumtestpackage.Plumbaseclass" name="@BeforeClass setUp" time="0.016">
    <failure type="org.openqa.selenium.NoSuchSessionException" message="Tried to run command without establishing a connection
Build info: version: &amp;apos;4.16.1&amp;apos;, revision: &amp;apos;9b4c83354e&amp;apos;
System info: os.name: &amp;apos;Windows 11&amp;apos;, os.arch: &amp;apos;amd64&amp;apos;, os.version: &amp;apos;10.0&amp;apos;, java.version: &amp;apos;17.0.8.1&amp;apos;
Driver info: org.openqa.selenium.firefox.FirefoxDriver
Command: [4e328e66-2869-40ec-b998-362bd3c7ae75, get {url=https://plumgoodness.com/}]
Capabilities {acceptInsecureCerts: true, browserName: firefox, browserVersion: 122.0.1, moz:accessibilityChecks: false, moz:buildID: 20240205133611, moz:debuggerAddress: 127.0.0.1:3391, moz:geckodriverVersion: 0.34.0, moz:headless: false, moz:platformVersion: 10.0, moz:processID: 6260, moz:profile: C:\Users\sreej\AppData\Loca..., moz:shutdownTimeout: 60000, moz:webdriverClick: true, moz:windowless: false, pageLoadStrategy: normal, platformName: windows, proxy: Proxy(), se:cdp: ws://127.0.0.1:3391/devtool..., se:cdpVersion: 85.0, setWindowRect: true, strictFileInteractability: false, timeouts: {implicit: 0, pageLoad: 300000, script: 30000}, unhandledPromptBehavior: dismiss and notify}
Session ID: 4e328e66-2869-40ec-b998-362bd3c7ae75">
      <![CDATA[org.openqa.selenium.NoSuchSessionException: Tried to run command without establishing a connection
Build info: version: '4.16.1', revision: '9b4c83354e'
System info: os.name: 'Windows 11', os.arch: 'amd64', os.version: '10.0', java.version: '17.0.8.1'
Driver info: org.openqa.selenium.firefox.FirefoxDriver
Command: [4e328e66-2869-40ec-b998-362bd3c7ae75, get {url=https://plumgoodness.com/}]
Capabilities {acceptInsecureCerts: true, browserName: firefox, browserVersion: 122.0.1, moz:accessibilityChecks: false, moz:buildID: 20240205133611, moz:debuggerAddress: 127.0.0.1:3391, moz:geckodriverVersion: 0.34.0, moz:headless: false, moz:platformVersion: 10.0, moz:processID: 6260, moz:profile: C:\Users\sreej\AppData\Loca..., moz:shutdownTimeout: 60000, moz:webdriverClick: true, moz:windowless: false, pageLoadStrategy: normal, platformName: windows, proxy: Proxy(), se:cdp: ws://127.0.0.1:3391/devtool..., se:cdpVersion: 85.0, setWindowRect: true, strictFileInteractability: false, timeouts: {implicit: 0, pageLoad: 300000, script: 30000}, unhandledPromptBehavior: dismiss and notify}
Session ID: 4e328e66-2869-40ec-b998-362bd3c7ae75
at org.openqa.selenium.remote.codec.w3c.W3CHttpResponseCodec.createException(W3CHttpResponseCodec.java:200)
at org.openqa.selenium.remote.codec.w3c.W3CHttpResponseCodec.decode(W3CHttpResponseCodec.java:133)
at org.openqa.selenium.remote.codec.w3c.W3CHttpResponseCodec.decode(W3CHttpResponseCodec.java:52)
at org.openqa.selenium.remote.HttpCommandExecutor.execute(HttpCommandExecutor.java:191)
at org.openqa.selenium.remote.service.DriverCommandExecutor.invokeExecute(DriverCommandExecutor.java:200)
at org.openqa.selenium.remote.service.DriverCommandExecutor.execute(DriverCommandExecutor.java:175)
at org.openqa.selenium.remote.RemoteWebDriver.execute(RemoteWebDriver.java:523)
at org.openqa.selenium.remote.RemoteWebDriver.get(RemoteWebDriver.java:305)
at plumtestpackage.Plumbaseclass.setUp(Plumbaseclass.java:22)
at java.base/java.util.ArrayList.forEach(ArrayList.java:1511)
... Removed 30 stack frames]]>
    </failure>
  </testcase> <!-- @BeforeClass setUp -->
  <testcase classname="plumtestpackage.Plumbaseclass" name="@AfterClass teardown" time="0.0">
    <skipped/>
  </testcase> <!-- @AfterClass teardown -->
  <testcase classname="plumtestpackage.Plumbaseclass" name="@BeforeClass setUp" time="0.127">
    <failure type="org.openqa.selenium.NoSuchSessionException" message="Tried to run command without establishing a connection
Build info: version: &amp;apos;4.16.1&amp;apos;, revision: &amp;apos;9b4c83354e&amp;apos;
System info: os.name: &amp;apos;Windows 11&amp;apos;, os.arch: &amp;apos;amd64&amp;apos;, os.version: &amp;apos;10.0&amp;apos;, java.version: &amp;apos;17.0.8.1&amp;apos;
Driver info: org.openqa.selenium.firefox.FirefoxDriver
Command: [4e328e66-2869-40ec-b998-362bd3c7ae75, get {url=https://plumgoodness.com/}]
Capabilities {acceptInsecureCerts: true, browserName: firefox, browserVersion: 122.0.1, moz:accessibilityChecks: false, moz:buildID: 20240205133611, moz:debuggerAddress: 127.0.0.1:3391, moz:geckodriverVersion: 0.34.0, moz:headless: false, moz:platformVersion: 10.0, moz:processID: 6260, moz:profile: C:\Users\sreej\AppData\Loca..., moz:shutdownTimeout: 60000, moz:webdriverClick: true, moz:windowless: false, pageLoadStrategy: normal, platformName: windows, proxy: Proxy(), se:cdp: ws://127.0.0.1:3391/devtool..., se:cdpVersion: 85.0, setWindowRect: true, strictFileInteractability: false, timeouts: {implicit: 0, pageLoad: 300000, script: 30000}, unhandledPromptBehavior: dismiss and notify}
Session ID: 4e328e66-2869-40ec-b998-362bd3c7ae75">
      <![CDATA[org.openqa.selenium.NoSuchSessionException: Tried to run command without establishing a connection
Build info: version: '4.16.1', revision: '9b4c83354e'
System info: os.name: 'Windows 11', os.arch: 'amd64', os.version: '10.0', java.version: '17.0.8.1'
Driver info: org.openqa.selenium.firefox.FirefoxDriver
Command: [4e328e66-2869-40ec-b998-362bd3c7ae75, get {url=https://plumgoodness.com/}]
Capabilities {acceptInsecureCerts: true, browserName: firefox, browserVersion: 122.0.1, moz:accessibilityChecks: false, moz:buildID: 20240205133611, moz:debuggerAddress: 127.0.0.1:3391, moz:geckodriverVersion: 0.34.0, moz:headless: false, moz:platformVersion: 10.0, moz:processID: 6260, moz:profile: C:\Users\sreej\AppData\Loca..., moz:shutdownTimeout: 60000, moz:webdriverClick: true, moz:windowless: false, pageLoadStrategy: normal, platformName: windows, proxy: Proxy(), se:cdp: ws://127.0.0.1:3391/devtool..., se:cdpVersion: 85.0, setWindowRect: true, strictFileInteractability: false, timeouts: {implicit: 0, pageLoad: 300000, script: 30000}, unhandledPromptBehavior: dismiss and notify}
Session ID: 4e328e66-2869-40ec-b998-362bd3c7ae75
at org.openqa.selenium.remote.codec.w3c.W3CHttpResponseCodec.createException(W3CHttpResponseCodec.java:200)
at org.openqa.selenium.remote.codec.w3c.W3CHttpResponseCodec.decode(W3CHttpResponseCodec.java:133)
at org.openqa.selenium.remote.codec.w3c.W3CHttpResponseCodec.decode(W3CHttpResponseCodec.java:52)
at org.openqa.selenium.remote.HttpCommandExecutor.execute(HttpCommandExecutor.java:191)
at org.openqa.selenium.remote.service.DriverCommandExecutor.invokeExecute(DriverCommandExecutor.java:200)
at org.openqa.selenium.remote.service.DriverCommandExecutor.execute(DriverCommandExecutor.java:175)
at org.openqa.selenium.remote.RemoteWebDriver.execute(RemoteWebDriver.java:523)
at org.openqa.selenium.remote.RemoteWebDriver.get(RemoteWebDriver.java:305)
at plumtestpackage.Plumbaseclass.setUp(Plumbaseclass.java:22)
at java.base/java.util.ArrayList.forEach(ArrayList.java:1511)
... Removed 30 stack frames]]>
    </failure>
  </testcase> <!-- @BeforeClass setUp -->
  <testcase classname="plumtestpackage.Plumbaseclass" name="@AfterClass teardown" time="0.0">
    <skipped/>
  </testcase> <!-- @AfterClass teardown -->
  <testcase classname="plumtestpackage.Plumbaseclass" name="@BeforeClass setUp" time="0.041">
    <failure type="org.openqa.selenium.NoSuchSessionException" message="Tried to run command without establishing a connection
Build info: version: &amp;apos;4.16.1&amp;apos;, revision: &amp;apos;9b4c83354e&amp;apos;
System info: os.name: &amp;apos;Windows 11&amp;apos;, os.arch: &amp;apos;amd64&amp;apos;, os.version: &amp;apos;10.0&amp;apos;, java.version: &amp;apos;17.0.8.1&amp;apos;
Driver info: org.openqa.selenium.firefox.FirefoxDriver
Command: [4e328e66-2869-40ec-b998-362bd3c7ae75, get {url=https://plumgoodness.com/}]
Capabilities {acceptInsecureCerts: true, browserName: firefox, browserVersion: 122.0.1, moz:accessibilityChecks: false, moz:buildID: 20240205133611, moz:debuggerAddress: 127.0.0.1:3391, moz:geckodriverVersion: 0.34.0, moz:headless: false, moz:platformVersion: 10.0, moz:processID: 6260, moz:profile: C:\Users\sreej\AppData\Loca..., moz:shutdownTimeout: 60000, moz:webdriverClick: true, moz:windowless: false, pageLoadStrategy: normal, platformName: windows, proxy: Proxy(), se:cdp: ws://127.0.0.1:3391/devtool..., se:cdpVersion: 85.0, setWindowRect: true, strictFileInteractability: false, timeouts: {implicit: 0, pageLoad: 300000, script: 30000}, unhandledPromptBehavior: dismiss and notify}
Session ID: 4e328e66-2869-40ec-b998-362bd3c7ae75">
      <![CDATA[org.openqa.selenium.NoSuchSessionException: Tried to run command without establishing a connection
Build info: version: '4.16.1', revision: '9b4c83354e'
System info: os.name: 'Windows 11', os.arch: 'amd64', os.version: '10.0', java.version: '17.0.8.1'
Driver info: org.openqa.selenium.firefox.FirefoxDriver
Command: [4e328e66-2869-40ec-b998-362bd3c7ae75, get {url=https://plumgoodness.com/}]
Capabilities {acceptInsecureCerts: true, browserName: firefox, browserVersion: 122.0.1, moz:accessibilityChecks: false, moz:buildID: 20240205133611, moz:debuggerAddress: 127.0.0.1:3391, moz:geckodriverVersion: 0.34.0, moz:headless: false, moz:platformVersion: 10.0, moz:processID: 6260, moz:profile: C:\Users\sreej\AppData\Loca..., moz:shutdownTimeout: 60000, moz:webdriverClick: true, moz:windowless: false, pageLoadStrategy: normal, platformName: windows, proxy: Proxy(), se:cdp: ws://127.0.0.1:3391/devtool..., se:cdpVersion: 85.0, setWindowRect: true, strictFileInteractability: false, timeouts: {implicit: 0, pageLoad: 300000, script: 30000}, unhandledPromptBehavior: dismiss and notify}
Session ID: 4e328e66-2869-40ec-b998-362bd3c7ae75
at org.openqa.selenium.remote.codec.w3c.W3CHttpResponseCodec.createException(W3CHttpResponseCodec.java:200)
at org.openqa.selenium.remote.codec.w3c.W3CHttpResponseCodec.decode(W3CHttpResponseCodec.java:133)
at org.openqa.selenium.remote.codec.w3c.W3CHttpResponseCodec.decode(W3CHttpResponseCodec.java:52)
at org.openqa.selenium.remote.HttpCommandExecutor.execute(HttpCommandExecutor.java:191)
at org.openqa.selenium.remote.service.DriverCommandExecutor.invokeExecute(DriverCommandExecutor.java:200)
at org.openqa.selenium.remote.service.DriverCommandExecutor.execute(DriverCommandExecutor.java:175)
at org.openqa.selenium.remote.RemoteWebDriver.execute(RemoteWebDriver.java:523)
at org.openqa.selenium.remote.RemoteWebDriver.get(RemoteWebDriver.java:305)
at plumtestpackage.Plumbaseclass.setUp(Plumbaseclass.java:22)
at java.base/java.util.ArrayList.forEach(ArrayList.java:1511)
... Removed 30 stack frames]]>
    </failure>
  </testcase> <!-- @BeforeClass setUp -->
  <testcase classname="plumtestpackage.Plumbaseclass" name="@AfterClass teardown" time="0.0">
    <skipped/>
  </testcase> <!-- @AfterClass teardown -->
  <testcase classname="plumtestpackage.Plumbaseclass" name="@BeforeClass setUp" time="0.138">
    <failure type="org.openqa.selenium.NoSuchSessionException" message="Tried to run command without establishing a connection
Build info: version: &amp;apos;4.16.1&amp;apos;, revision: &amp;apos;9b4c83354e&amp;apos;
System info: os.name: &amp;apos;Windows 11&amp;apos;, os.arch: &amp;apos;amd64&amp;apos;, os.version: &amp;apos;10.0&amp;apos;, java.version: &amp;apos;17.0.8.1&amp;apos;
Driver info: org.openqa.selenium.firefox.FirefoxDriver
Command: [4e328e66-2869-40ec-b998-362bd3c7ae75, get {url=https://plumgoodness.com/}]
Capabilities {acceptInsecureCerts: true, browserName: firefox, browserVersion: 122.0.1, moz:accessibilityChecks: false, moz:buildID: 20240205133611, moz:debuggerAddress: 127.0.0.1:3391, moz:geckodriverVersion: 0.34.0, moz:headless: false, moz:platformVersion: 10.0, moz:processID: 6260, moz:profile: C:\Users\sreej\AppData\Loca..., moz:shutdownTimeout: 60000, moz:webdriverClick: true, moz:windowless: false, pageLoadStrategy: normal, platformName: windows, proxy: Proxy(), se:cdp: ws://127.0.0.1:3391/devtool..., se:cdpVersion: 85.0, setWindowRect: true, strictFileInteractability: false, timeouts: {implicit: 0, pageLoad: 300000, script: 30000}, unhandledPromptBehavior: dismiss and notify}
Session ID: 4e328e66-2869-40ec-b998-362bd3c7ae75">
      <![CDATA[org.openqa.selenium.NoSuchSessionException: Tried to run command without establishing a connection
Build info: version: '4.16.1', revision: '9b4c83354e'
System info: os.name: 'Windows 11', os.arch: 'amd64', os.version: '10.0', java.version: '17.0.8.1'
Driver info: org.openqa.selenium.firefox.FirefoxDriver
Command: [4e328e66-2869-40ec-b998-362bd3c7ae75, get {url=https://plumgoodness.com/}]
Capabilities {acceptInsecureCerts: true, browserName: firefox, browserVersion: 122.0.1, moz:accessibilityChecks: false, moz:buildID: 20240205133611, moz:debuggerAddress: 127.0.0.1:3391, moz:geckodriverVersion: 0.34.0, moz:headless: false, moz:platformVersion: 10.0, moz:processID: 6260, moz:profile: C:\Users\sreej\AppData\Loca..., moz:shutdownTimeout: 60000, moz:webdriverClick: true, moz:windowless: false, pageLoadStrategy: normal, platformName: windows, proxy: Proxy(), se:cdp: ws://127.0.0.1:3391/devtool..., se:cdpVersion: 85.0, setWindowRect: true, strictFileInteractability: false, timeouts: {implicit: 0, pageLoad: 300000, script: 30000}, unhandledPromptBehavior: dismiss and notify}
Session ID: 4e328e66-2869-40ec-b998-362bd3c7ae75
at org.openqa.selenium.remote.codec.w3c.W3CHttpResponseCodec.createException(W3CHttpResponseCodec.java:200)
at org.openqa.selenium.remote.codec.w3c.W3CHttpResponseCodec.decode(W3CHttpResponseCodec.java:133)
at org.openqa.selenium.remote.codec.w3c.W3CHttpResponseCodec.decode(W3CHttpResponseCodec.java:52)
at org.openqa.selenium.remote.HttpCommandExecutor.execute(HttpCommandExecutor.java:191)
at org.openqa.selenium.remote.service.DriverCommandExecutor.invokeExecute(DriverCommandExecutor.java:200)
at org.openqa.selenium.remote.service.DriverCommandExecutor.execute(DriverCommandExecutor.java:175)
at org.openqa.selenium.remote.RemoteWebDriver.execute(RemoteWebDriver.java:523)
at org.openqa.selenium.remote.RemoteWebDriver.get(RemoteWebDriver.java:305)
at plumtestpackage.Plumbaseclass.setUp(Plumbaseclass.java:22)
at java.base/java.util.ArrayList.forEach(ArrayList.java:1511)
... Removed 30 stack frames]]>
    </failure>
  </testcase> <!-- @BeforeClass setUp -->
  <testcase classname="plumtestpackage.Plumbaseclass" name="@AfterClass teardown" time="0.0">
    <skipped/>
  </testcase> <!-- @AfterClass teardown -->
  <testcase classname="plumtestpackage.Addtocarttest" name="test1" time="3.805"/>
  <testcase classname="plumtestpackage.Addtocarttest" name="test2" time="6.259"/>
  <testcase classname="plumtestpackage.Logintest" name="test1" time="0.0">
    <skipped/>
  </testcase> <!-- test1 -->
  <testcase classname="plumtestpackage.Logintest" name="test2" time="0.0">
    <skipped/>
  </testcase> <!-- test2 -->
  <testcase classname="plumtestpackage.Logintest" name="test3" time="0.0">
    <skipped/>
  </testcase> <!-- test3 -->
  <testcase classname="plumtestpackage.Mousehovertest" name="test1" time="0.0">
    <skipped/>
  </testcase> <!-- test1 -->
  <testcase classname="plumtestpackage.Mousehovertest" name="test2" time="0.0">
    <skipped/>
  </testcase> <!-- test2 -->
  <testcase classname="plumtestpackage.Plumhometest" name="test1" time="0.0">
    <skipped/>
  </testcase> <!-- test1 -->
  <testcase classname="plumtestpackage.Plumhometest" name="test2" time="0.0">
    <skipped/>
  </testcase> <!-- test2 -->
  <testcase classname="plumtestpackage.Plumhometest" name="test3" time="0.0">
    <skipped/>
  </testcase> <!-- test3 -->
  <testcase classname="plumtestpackage.Plumhometest" name="test4" time="0.0">
    <skipped/>
  </testcase> <!-- test4 -->
  <testcase classname="plumtestpackage.Plumhometest" name="test5" time="0.0">
    <skipped/>
  </testcase> <!-- test5 -->
  <testcase classname="plumtestpackage.Plumhometest" name="test6" time="0.0">
    <skipped/>
  </testcase> <!-- test6 -->
  <testcase classname="plumtestpackage.Searchtest" name="test1" time="0.0">
    <skipped/>
  </testcase> <!-- test1 -->
  <testcase classname="plumtestpackage.Trackordertest" name="test1" time="0.0">
    <skipped/>
  </testcase> <!-- test1 -->
  <testcase classname="plumtestpackage.Trackordertest" name="test3" time="0.0">
    <skipped/>
  </testcase> <!-- test3 -->
  <testcase classname="plumtestpackage.Plumbaseclass" name="@BeforeTest setUpbrowser" time="0.0">
    <ignored/>
  </testcase> <!-- @BeforeTest setUpbrowser -->
  <testcase classname="plumtestpackage.Plumbaseclass" name="@BeforeTest setUpbrowser" time="0.0">
    <ignored/>
  </testcase> <!-- @BeforeTest setUpbrowser -->
  <testcase classname="plumtestpackage.Plumbaseclass" name="@BeforeTest setUpbrowser" time="0.0">
    <ignored/>
  </testcase> <!-- @BeforeTest setUpbrowser -->
  <testcase classname="plumtestpackage.Plumbaseclass" name="@BeforeTest setUpbrowser" time="0.0">
    <ignored/>
  </testcase> <!-- @BeforeTest setUpbrowser -->
  <testcase classname="plumtestpackage.Plumbaseclass" name="@BeforeTest setUpbrowser" time="0.0">
    <ignored/>
  </testcase> <!-- @BeforeTest setUpbrowser -->
  <testcase classname="plumtestpackage.Plumbaseclass" name="@BeforeTest setUpbrowser" time="0.0">
    <ignored/>
  </testcase> <!-- @BeforeTest setUpbrowser -->
</testsuite> <!-- ChromeTest -->
