<?xml version="1.0" encoding="UTF-8"?>
<!-- Generated by org.testng.reporters.JUnitXMLReporter -->
<testsuite ignored="6" hostname="BOOK-BLR52339TG" failures="0" tests="16" name="EdgeTest" time="18.432" errors="0" timestamp="2024-02-10T22:18:38 IST">
  <testcase classname="plumtestpackage.Addtocarttest" name="test1" time="3.221"/>
  <testcase classname="plumtestpackage.Addtocarttest" name="test2" time="5.485"/>
  <testcase classname="plumtestpackage.Logintest" name="test1" time="0.0">
    <skipped/>
  </testcase> <!-- test1 -->
  <testcase classname="plumtestpackage.Logintest" name="test2" time="0.0">
    <skipped/>
  </testcase> <!-- test2 -->
  <testcase classname="plumtestpackage.Logintest" name="test3" time="0.0">
    <skipped/>
  </testcase> <!-- test3 -->
  <testcase classname="plumtestpackage.Mousehovertest" name="test1" time="0.0">
    <skipped/>
  </testcase> <!-- test1 -->
  <testcase classname="plumtestpackage.Mousehovertest" name="test2" time="0.0">
    <skipped/>
  </testcase> <!-- test2 -->
  <testcase classname="plumtestpackage.Plumhometest" name="test1" time="0.0">
    <skipped/>
  </testcase> <!-- test1 -->
  <testcase classname="plumtestpackage.Plumhometest" name="test2" time="0.0">
    <skipped/>
  </testcase> <!-- test2 -->
  <testcase classname="plumtestpackage.Plumhometest" name="test3" time="0.0">
    <skipped/>
  </testcase> <!-- test3 -->
  <testcase classname="plumtestpackage.Plumhometest" name="test4" time="0.0">
    <skipped/>
  </testcase> <!-- test4 -->
  <testcase classname="plumtestpackage.Plumhometest" name="test5" time="0.0">
    <skipped/>
  </testcase> <!-- test5 -->
  <testcase classname="plumtestpackage.Plumhometest" name="test6" time="0.0">
    <skipped/>
  </testcase> <!-- test6 -->
  <testcase classname="plumtestpackage.Searchtest" name="test1" time="0.0">
    <skipped/>
  </testcase> <!-- test1 -->
  <testcase classname="plumtestpackage.Trackordertest" name="test1" time="0.0">
    <skipped/>
  </testcase> <!-- test1 -->
  <testcase classname="plumtestpackage.Trackordertest" name="test3" time="0.0">
    <skipped/>
  </testcase> <!-- test3 -->
  <testcase classname="plumtestpackage.Plumbaseclass" name="@BeforeTest setUpbrowser" time="0.0">
    <ignored/>
  </testcase> <!-- @BeforeTest setUpbrowser -->
  <testcase classname="plumtestpackage.Plumbaseclass" name="@BeforeTest setUpbrowser" time="0.0">
    <ignored/>
  </testcase> <!-- @BeforeTest setUpbrowser -->
  <testcase classname="plumtestpackage.Plumbaseclass" name="@BeforeTest setUpbrowser" time="0.0">
    <ignored/>
  </testcase> <!-- @BeforeTest setUpbrowser -->
  <testcase classname="plumtestpackage.Plumbaseclass" name="@BeforeTest setUpbrowser" time="0.0">
    <ignored/>
  </testcase> <!-- @BeforeTest setUpbrowser -->
  <testcase classname="plumtestpackage.Plumbaseclass" name="@BeforeTest setUpbrowser" time="0.0">
    <ignored/>
  </testcase> <!-- @BeforeTest setUpbrowser -->
  <testcase classname="plumtestpackage.Plumbaseclass" name="@BeforeTest setUpbrowser" time="0.0">
    <ignored/>
  </testcase> <!-- @BeforeTest setUpbrowser -->
</testsuite> <!-- EdgeTest -->
