<?xml version="1.0" encoding="UTF-8"?>
<testng-results ignored="0" total="1" passed="1" failed="0" skipped="0">
  <reporter-output>
  </reporter-output>
  <suite started-at="2024-02-14T14:35:28 IST" name="Default suite" finished-at="2024-02-14T14:35:58 IST" duration-ms="29736">
    <groups>
    </groups>
    <test started-at="2024-02-14T14:35:28 IST" name="Default test" finished-at="2024-02-14T14:35:58 IST" duration-ms="29736">
      <class name="plumtestpackage.Trackordertest">
        <test-method is-config="true" signature="setUp()[pri:0, instance:plumtestpackage.Trackordertest@65c7a252]" started-at="2024-02-14T14:35:28 IST" name="setUp" finished-at="2024-02-14T14:35:55 IST" duration-ms="26577" status="PASS">
          <reporter-output>
          </reporter-output>
        </test-method> <!-- setUp -->
        <test-method signature="test1()[pri:0, instance:plumtestpackage.Trackordertest@65c7a252]" started-at="2024-02-14T14:35:55 IST" name="test1" finished-at="2024-02-14T14:35:58 IST" duration-ms="2968" status="PASS">
          <reporter-output>
          </reporter-output>
        </test-method> <!-- test1 -->
        <test-method is-config="true" signature="teardown()[pri:0, instance:plumtestpackage.Trackordertest@65c7a252]" started-at="2024-02-14T14:35:58 IST" name="teardown" finished-at="2024-02-14T14:35:58 IST" duration-ms="133" status="PASS">
          <reporter-output>
          </reporter-output>
        </test-method> <!-- teardown -->
      </class> <!-- plumtestpackage.Trackordertest -->
    </test> <!-- Default test -->
  </suite> <!-- Default suite -->
</testng-results>
